<?xml version="1.0" encoding="UTF-8"?>
<!-- Generated by org.testng.reporters.JUnitReportReporter -->
<testsuite skipped="0" hostname="INPF18PMQP" name="com.zohocrm1.qa.testcases.HomePageTest1" tests="2" failures="0" timestamp="04 Jul 2019 08:27:29 GMT" time="69.186" errors="0">
  <testcase name="verifyusernametest" time="35.340" classname="com.zohocrm1.qa.testcases.HomePageTest1"/>
  <testcase name="verifycontactlinktest" time="33.846" classname="com.zohocrm1.qa.testcases.HomePageTest1"/>
</testsuite> <!-- com.zohocrm1.qa.testcases.HomePageTest1 -->
